2020-06-27 12:34:06,584 [Worker-4: Loading available Gradle versions] INFO  o.e.b.c.i.u.g.PublishedGradleVersions - Gradle version information cache is up-to-date. Trying to read.
2020-06-28 13:21:30,541 [Worker-4: Loading available Gradle versions] INFO  o.e.b.c.i.u.g.PublishedGradleVersions - Gradle version information cache is up-to-date. Trying to read.
2020-06-28 13:24:25,535 [Worker-15: Import Getting Started Content] INFO  o.e.m.c.i.l.LifecycleMappingFactory - Using org.eclipse.m2e.jdt.JarLifecycleMapping lifecycle mapping for MavenProject: com.tts:TechTalentTwitter:0.0.1-SNAPSHOT @ C:\TTS\Twitter\TechTalentTwitter\pom.xml.
2020-06-28 13:24:26,837 [Worker-15: Import Getting Started Content] INFO  o.e.m.j.i.AbstractJavaProjectConfigurator - Adding source folder /TechTalentTwitter/src/main/java
2020-06-28 13:24:26,839 [Worker-15: Import Getting Started Content] INFO  o.e.m.j.i.AbstractJavaProjectConfigurator - Adding resource folder /TechTalentTwitter/src/main/resources
2020-06-28 13:24:26,848 [Worker-15: Import Getting Started Content] INFO  o.e.m.j.i.AbstractJavaProjectConfigurator - Adding resource folder /TechTalentTwitter/src/main/resources
2020-06-28 13:24:26,860 [Worker-15: Import Getting Started Content] INFO  o.e.m.j.i.AbstractJavaProjectConfigurator - Adding source folder /TechTalentTwitter/src/test/java
2020-06-28 13:24:27,991 [Worker-15: Import Getting Started Content] INFO  o.e.m.c.i.p.ProjectConfigurationManager - Imported and configured 1 project(s) in 4 sec
2020-06-28 13:24:27,994 [Worker-15: Import Getting Started Content] INFO  o.e.m.c.i.p.ProjectConfigurationManager - Update started
2020-06-28 13:24:28,761 [Worker-15: Import Getting Started Content] INFO  o.e.m.c.i.l.LifecycleMappingFactory - Using org.eclipse.m2e.jdt.JarLifecycleMapping lifecycle mapping for MavenProject: com.tts:TechTalentTwitter:0.0.1-SNAPSHOT @ C:\TTS\Twitter\TechTalentTwitter\pom.xml.
2020-06-28 13:24:29,812 [Worker-15: Import Getting Started Content] INFO  o.e.m.j.i.AbstractJavaProjectConfigurator - Adding source folder /TechTalentTwitter/src/main/java
2020-06-28 13:24:29,813 [Worker-15: Import Getting Started Content] INFO  o.e.m.j.i.AbstractJavaProjectConfigurator - Adding resource folder /TechTalentTwitter/src/main/resources
2020-06-28 13:24:29,813 [Worker-15: Import Getting Started Content] INFO  o.e.m.j.i.AbstractJavaProjectConfigurator - Adding resource folder /TechTalentTwitter/src/main/resources
2020-06-28 13:24:29,814 [Worker-15: Import Getting Started Content] INFO  o.e.m.j.i.AbstractJavaProjectConfigurator - Adding source folder /TechTalentTwitter/src/test/java
2020-06-28 13:24:30,108 [Worker-15: Import Getting Started Content] INFO  o.e.m.c.i.p.ProjectConfigurationManager - Update completed: 2 sec
2020-06-28 13:24:31,377 [Worker-21: Building] INFO  o.e.m.c.i.embedder.EclipseLogger - Using 'UTF-8' encoding to copy filtered resources.
2020-06-28 13:24:31,383 [Worker-21: Building] INFO  o.e.m.c.i.embedder.EclipseLogger - Copying 1 resource
2020-06-28 13:24:31,399 [Worker-21: Building] INFO  o.e.m.c.i.embedder.EclipseLogger - Copying 0 resource
2020-06-28 13:24:31,403 [Worker-21: Building] INFO  o.e.m.c.i.embedder.EclipseLogger - Using 'UTF-8' encoding to copy filtered resources.
2020-06-28 13:24:31,403 [Worker-21: Building] INFO  o.e.m.c.i.embedder.EclipseLogger - skip non existing resourceDirectory C:\TTS\Twitter\TechTalentTwitter\src\test\resources
2020-06-28 13:27:30,519 [Worker-20: Import Getting Started Content] INFO  o.e.m.c.i.l.LifecycleMappingFactory - Using org.eclipse.m2e.jdt.JarLifecycleMapping lifecycle mapping for MavenProject: com.tts:TechTalentTwitter:0.0.1-SNAPSHOT @ C:\TTS\Twitter\TechTalentTwitter\pom.xml.
2020-06-28 13:27:31,209 [Worker-20: Import Getting Started Content] INFO  o.e.m.c.i.e.AbstractTransferListenerAdapter - Downloading https://repo.maven.apache.org/maven2/org/springframework/boot/spring-boot-starter-security/2.3.1.RELEASE/spring-boot-starter-security-2.3.1.RELEASE.pom
2020-06-28 13:27:31,266 [Worker-20: Import Getting Started Content] INFO  o.e.m.c.i.e.AbstractTransferListenerAdapter - Downloaded https://repo.maven.apache.org/maven2/org/springframework/boot/spring-boot-starter-security/2.3.1.RELEASE/spring-boot-starter-security-2.3.1.RELEASE.pom
2020-06-28 13:27:31,322 [Worker-20: Import Getting Started Content] INFO  o.e.m.c.i.e.AbstractTransferListenerAdapter - Downloading https://repo.maven.apache.org/maven2/org/springframework/security/spring-security-config/5.3.3.RELEASE/spring-security-config-5.3.3.RELEASE.pom
2020-06-28 13:27:31,394 [Worker-20: Import Getting Started Content] INFO  o.e.m.c.i.e.AbstractTransferListenerAdapter - Downloaded https://repo.maven.apache.org/maven2/org/springframework/security/spring-security-config/5.3.3.RELEASE/spring-security-config-5.3.3.RELEASE.pom
2020-06-28 13:27:31,445 [Worker-20: Import Getting Started Content] INFO  o.e.m.c.i.e.AbstractTransferListenerAdapter - Downloading https://repo.maven.apache.org/maven2/org/springframework/security/spring-security-core/5.3.3.RELEASE/spring-security-core-5.3.3.RELEASE.pom
2020-06-28 13:27:31,484 [Worker-20: Import Getting Started Content] INFO  o.e.m.c.i.e.AbstractTransferListenerAdapter - Downloaded https://repo.maven.apache.org/maven2/org/springframework/security/spring-security-core/5.3.3.RELEASE/spring-security-core-5.3.3.RELEASE.pom
2020-06-28 13:27:31,527 [Worker-20: Import Getting Started Content] INFO  o.e.m.c.i.e.AbstractTransferListenerAdapter - Downloading https://repo.maven.apache.org/maven2/org/springframework/security/spring-security-web/5.3.3.RELEASE/spring-security-web-5.3.3.RELEASE.pom
2020-06-28 13:27:31,582 [Worker-20: Import Getting Started Content] INFO  o.e.m.c.i.e.AbstractTransferListenerAdapter - Downloaded https://repo.maven.apache.org/maven2/org/springframework/security/spring-security-web/5.3.3.RELEASE/spring-security-web-5.3.3.RELEASE.pom
2020-06-28 13:27:31,660 [Worker-20: Import Getting Started Content] INFO  o.e.m.c.i.e.AbstractTransferListenerAdapter - Downloading https://repo.maven.apache.org/maven2/org/springframework/boot/spring-boot-starter-validation/2.3.1.RELEASE/spring-boot-starter-validation-2.3.1.RELEASE.pom
2020-06-28 13:27:31,716 [Worker-20: Import Getting Started Content] INFO  o.e.m.c.i.e.AbstractTransferListenerAdapter - Downloaded https://repo.maven.apache.org/maven2/org/springframework/boot/spring-boot-starter-validation/2.3.1.RELEASE/spring-boot-starter-validation-2.3.1.RELEASE.pom
2020-06-28 13:27:31,759 [Worker-20: Import Getting Started Content] INFO  o.e.m.c.i.e.AbstractTransferListenerAdapter - Downloading https://repo.maven.apache.org/maven2/org/hibernate/validator/hibernate-validator/6.1.5.Final/hibernate-validator-6.1.5.Final.pom
2020-06-28 13:27:31,796 [Worker-20: Import Getting Started Content] INFO  o.e.m.c.i.e.AbstractTransferListenerAdapter - Downloaded https://repo.maven.apache.org/maven2/org/hibernate/validator/hibernate-validator/6.1.5.Final/hibernate-validator-6.1.5.Final.pom
2020-06-28 13:27:31,845 [Worker-20: Import Getting Started Content] INFO  o.e.m.c.i.e.AbstractTransferListenerAdapter - Downloading https://repo.maven.apache.org/maven2/org/hibernate/validator/hibernate-validator-parent/6.1.5.Final/hibernate-validator-parent-6.1.5.Final.pom
2020-06-28 13:27:31,923 [Worker-20: Import Getting Started Content] INFO  o.e.m.c.i.e.AbstractTransferListenerAdapter - Downloaded https://repo.maven.apache.org/maven2/org/hibernate/validator/hibernate-validator-parent/6.1.5.Final/hibernate-validator-parent-6.1.5.Final.pom
2020-06-28 13:27:31,999 [Worker-20: Import Getting Started Content] INFO  o.e.m.c.i.e.AbstractTransferListenerAdapter - Downloading https://repo.maven.apache.org/maven2/jakarta/validation/jakarta.validation-api/2.0.2/jakarta.validation-api-2.0.2.pom
2020-06-28 13:27:32,042 [Worker-20: Import Getting Started Content] INFO  o.e.m.c.i.e.AbstractTransferListenerAdapter - Downloaded https://repo.maven.apache.org/maven2/jakarta/validation/jakarta.validation-api/2.0.2/jakarta.validation-api-2.0.2.pom
2020-06-28 13:27:32,138 [Worker-20: Import Getting Started Content] INFO  o.e.m.c.i.e.AbstractTransferListenerAdapter - Downloading https://repo.maven.apache.org/maven2/org/projectlombok/lombok/1.18.12/lombok-1.18.12.pom
2020-06-28 13:27:32,177 [Worker-20: Import Getting Started Content] INFO  o.e.m.c.i.e.AbstractTransferListenerAdapter - Downloaded https://repo.maven.apache.org/maven2/org/projectlombok/lombok/1.18.12/lombok-1.18.12.pom
2020-06-28 13:27:32,290 [Worker-20: Import Getting Started Content] INFO  o.e.m.c.i.e.AbstractTransferListenerAdapter - Downloading https://repo.maven.apache.org/maven2/org/springframework/security/spring-security-test/5.3.3.RELEASE/spring-security-test-5.3.3.RELEASE.pom
2020-06-28 13:27:32,332 [Worker-20: Import Getting Started Content] INFO  o.e.m.c.i.e.AbstractTransferListenerAdapter - Downloaded https://repo.maven.apache.org/maven2/org/springframework/security/spring-security-test/5.3.3.RELEASE/spring-security-test-5.3.3.RELEASE.pom
2020-06-28 13:27:32,583 [AetherRepositoryConnector-repo.maven.apache.org-0-0] INFO  o.e.m.c.i.e.AbstractTransferListenerAdapter - Downloading https://repo.maven.apache.org/maven2/org/springframework/boot/spring-boot-starter-security/2.3.1.RELEASE/spring-boot-starter-security-2.3.1.RELEASE.jar
2020-06-28 13:27:32,617 [AetherRepositoryConnector-repo.maven.apache.org-0-0] INFO  o.e.m.c.i.e.AbstractTransferListenerAdapter - Downloaded https://repo.maven.apache.org/maven2/org/springframework/boot/spring-boot-starter-security/2.3.1.RELEASE/spring-boot-starter-security-2.3.1.RELEASE.jar
2020-06-28 13:27:32,656 [AetherRepositoryConnector-repo.maven.apache.org-0-0] INFO  o.e.m.c.i.e.AbstractTransferListenerAdapter - Downloading https://repo.maven.apache.org/maven2/jakarta/validation/jakarta.validation-api/2.0.2/jakarta.validation-api-2.0.2.jar
2020-06-28 13:27:32,716 [AetherRepositoryConnector-repo.maven.apache.org-0-3] INFO  o.e.m.c.i.e.AbstractTransferListenerAdapter - Downloading https://repo.maven.apache.org/maven2/org/springframework/boot/spring-boot-starter-validation/2.3.1.RELEASE/spring-boot-starter-validation-2.3.1.RELEASE.jar
2020-06-28 13:27:32,717 [AetherRepositoryConnector-repo.maven.apache.org-0-0] INFO  o.e.m.c.i.e.AbstractTransferListenerAdapter - Downloaded https://repo.maven.apache.org/maven2/jakarta/validation/jakarta.validation-api/2.0.2/jakarta.validation-api-2.0.2.jar
2020-06-28 13:27:32,728 [AetherRepositoryConnector-repo.maven.apache.org-0-2] INFO  o.e.m.c.i.e.AbstractTransferListenerAdapter - Downloading https://repo.maven.apache.org/maven2/org/springframework/security/spring-security-web/5.3.3.RELEASE/spring-security-web-5.3.3.RELEASE.jar
2020-06-28 13:27:32,730 [AetherRepositoryConnector-repo.maven.apache.org-0-4] INFO  o.e.m.c.i.e.AbstractTransferListenerAdapter - Downloading https://repo.maven.apache.org/maven2/org/hibernate/validator/hibernate-validator/6.1.5.Final/hibernate-validator-6.1.5.Final.jar
2020-06-28 13:27:32,734 [AetherRepositoryConnector-repo.maven.apache.org-0-1] INFO  o.e.m.c.i.e.AbstractTransferListenerAdapter - Downloading https://repo.maven.apache.org/maven2/org/springframework/security/spring-security-config/5.3.3.RELEASE/spring-security-config-5.3.3.RELEASE.jar
2020-06-28 13:27:32,757 [AetherRepositoryConnector-repo.maven.apache.org-0-3] INFO  o.e.m.c.i.e.AbstractTransferListenerAdapter - Downloaded https://repo.maven.apache.org/maven2/org/springframework/boot/spring-boot-starter-validation/2.3.1.RELEASE/spring-boot-starter-validation-2.3.1.RELEASE.jar
2020-06-28 13:27:32,764 [AetherRepositoryConnector-repo.maven.apache.org-0-0] INFO  o.e.m.c.i.e.AbstractTransferListenerAdapter - Downloading https://repo.maven.apache.org/maven2/org/projectlombok/lombok/1.18.12/lombok-1.18.12.jar
2020-06-28 13:27:32,792 [AetherRepositoryConnector-repo.maven.apache.org-0-3] INFO  o.e.m.c.i.e.AbstractTransferListenerAdapter - Downloading https://repo.maven.apache.org/maven2/org/springframework/security/spring-security-test/5.3.3.RELEASE/spring-security-test-5.3.3.RELEASE.jar
2020-06-28 13:27:32,863 [AetherRepositoryConnector-repo.maven.apache.org-0-3] INFO  o.e.m.c.i.e.AbstractTransferListenerAdapter - Downloaded https://repo.maven.apache.org/maven2/org/springframework/security/spring-security-test/5.3.3.RELEASE/spring-security-test-5.3.3.RELEASE.jar
2020-06-28 13:27:32,918 [AetherRepositoryConnector-repo.maven.apache.org-0-3] INFO  o.e.m.c.i.e.AbstractTransferListenerAdapter - Downloading https://repo.maven.apache.org/maven2/org/springframework/security/spring-security-core/5.3.3.RELEASE/spring-security-core-5.3.3.RELEASE.jar
2020-06-28 13:27:33,123 [AetherRepositoryConnector-repo.maven.apache.org-0-2] INFO  o.e.m.c.i.e.AbstractTransferListenerAdapter - Downloaded https://repo.maven.apache.org/maven2/org/springframework/security/spring-security-web/5.3.3.RELEASE/spring-security-web-5.3.3.RELEASE.jar
2020-06-28 13:27:33,206 [AetherRepositoryConnector-repo.maven.apache.org-0-1] INFO  o.e.m.c.i.e.AbstractTransferListenerAdapter - Downloaded https://repo.maven.apache.org/maven2/org/springframework/security/spring-security-config/5.3.3.RELEASE/spring-security-config-5.3.3.RELEASE.jar
2020-06-28 13:27:33,206 [AetherRepositoryConnector-repo.maven.apache.org-0-4] INFO  o.e.m.c.i.e.AbstractTransferListenerAdapter - Downloaded https://repo.maven.apache.org/maven2/org/hibernate/validator/hibernate-validator/6.1.5.Final/hibernate-validator-6.1.5.Final.jar
2020-06-28 13:27:33,278 [AetherRepositoryConnector-repo.maven.apache.org-0-3] INFO  o.e.m.c.i.e.AbstractTransferListenerAdapter - Downloaded https://repo.maven.apache.org/maven2/org/springframework/security/spring-security-core/5.3.3.RELEASE/spring-security-core-5.3.3.RELEASE.jar
2020-06-28 13:27:33,288 [AetherRepositoryConnector-repo.maven.apache.org-0-0] INFO  o.e.m.c.i.e.AbstractTransferListenerAdapter - Downloaded https://repo.maven.apache.org/maven2/org/projectlombok/lombok/1.18.12/lombok-1.18.12.jar
2020-06-28 13:27:34,083 [Worker-20: Import Getting Started Content] INFO  o.e.m.j.i.AbstractJavaProjectConfigurator - Adding source folder /TechTalentTwitter/src/main/java
2020-06-28 13:27:34,083 [Worker-20: Import Getting Started Content] INFO  o.e.m.j.i.AbstractJavaProjectConfigurator - Adding resource folder /TechTalentTwitter/src/main/resources
2020-06-28 13:27:34,092 [Worker-20: Import Getting Started Content] INFO  o.e.m.j.i.AbstractJavaProjectConfigurator - Adding resource folder /TechTalentTwitter/src/main/resources
2020-06-28 13:27:34,104 [Worker-20: Import Getting Started Content] INFO  o.e.m.j.i.AbstractJavaProjectConfigurator - Adding source folder /TechTalentTwitter/src/test/java
2020-06-28 13:27:34,698 [Worker-20: Import Getting Started Content] INFO  o.e.m.c.i.p.ProjectConfigurationManager - Imported and configured 1 project(s) in 4 sec
2020-06-28 13:27:34,699 [Worker-20: Import Getting Started Content] INFO  o.e.m.c.i.p.ProjectConfigurationManager - Update started
2020-06-28 13:27:35,564 [Worker-20: Import Getting Started Content] INFO  o.e.m.c.i.l.LifecycleMappingFactory - Using org.eclipse.m2e.jdt.JarLifecycleMapping lifecycle mapping for MavenProject: com.tts:TechTalentTwitter:0.0.1-SNAPSHOT @ C:\TTS\Twitter\TechTalentTwitter\pom.xml.
2020-06-28 13:27:35,717 [Worker-3: Download sources and javadoc] INFO  o.e.m.c.i.e.AbstractTransferListenerAdapter - Downloading https://repo.maven.apache.org/maven2/org/springframework/boot/spring-boot-starter-security/2.3.1.RELEASE/spring-boot-starter-security-2.3.1.RELEASE-sources.jar
2020-06-28 13:27:35,755 [Worker-3: Download sources and javadoc] INFO  o.e.m.c.i.e.AbstractTransferListenerAdapter - Downloaded https://repo.maven.apache.org/maven2/org/springframework/boot/spring-boot-starter-security/2.3.1.RELEASE/spring-boot-starter-security-2.3.1.RELEASE-sources.jar
2020-06-28 13:27:35,795 [Worker-3: Download sources and javadoc] INFO  o.e.m.j.internal.DownloadSourcesJob - Downloaded sources for org.springframework.boot:spring-boot-starter-security:2.3.1.RELEASE
2020-06-28 13:27:35,996 [Worker-3: Download sources and javadoc] INFO  o.e.m.c.i.e.AbstractTransferListenerAdapter - Downloading https://repo.maven.apache.org/maven2/org/springframework/security/spring-security-config/5.3.3.RELEASE/spring-security-config-5.3.3.RELEASE-sources.jar
2020-06-28 13:27:36,237 [Worker-3: Download sources and javadoc] INFO  o.e.m.c.i.e.AbstractTransferListenerAdapter - Downloaded https://repo.maven.apache.org/maven2/org/springframework/security/spring-security-config/5.3.3.RELEASE/spring-security-config-5.3.3.RELEASE-sources.jar
2020-06-28 13:27:36,262 [Worker-3: Download sources and javadoc] INFO  o.e.m.j.internal.DownloadSourcesJob - Downloaded sources for org.springframework.security:spring-security-config:5.3.3.RELEASE
2020-06-28 13:27:36,823 [Worker-20: Import Getting Started Content] INFO  o.e.m.j.i.AbstractJavaProjectConfigurator - Adding source folder /TechTalentTwitter/src/main/java
2020-06-28 13:27:36,823 [Worker-20: Import Getting Started Content] INFO  o.e.m.j.i.AbstractJavaProjectConfigurator - Adding resource folder /TechTalentTwitter/src/main/resources
2020-06-28 13:27:36,826 [Worker-20: Import Getting Started Content] INFO  o.e.m.j.i.AbstractJavaProjectConfigurator - Adding resource folder /TechTalentTwitter/src/main/resources
2020-06-28 13:27:36,832 [Worker-20: Import Getting Started Content] INFO  o.e.m.j.i.AbstractJavaProjectConfigurator - Adding source folder /TechTalentTwitter/src/test/java
2020-06-28 13:27:37,132 [Worker-3: Download sources and javadoc] INFO  o.e.m.c.i.e.AbstractTransferListenerAdapter - Downloading https://repo.maven.apache.org/maven2/org/springframework/security/spring-security-web/5.3.3.RELEASE/spring-security-web-5.3.3.RELEASE-sources.jar
2020-06-28 13:27:37,338 [Worker-3: Download sources and javadoc] INFO  o.e.m.c.i.e.AbstractTransferListenerAdapter - Downloaded https://repo.maven.apache.org/maven2/org/springframework/security/spring-security-web/5.3.3.RELEASE/spring-security-web-5.3.3.RELEASE-sources.jar
2020-06-28 13:27:37,373 [Worker-3: Download sources and javadoc] INFO  o.e.m.j.internal.DownloadSourcesJob - Downloaded sources for org.springframework.security:spring-security-web:5.3.3.RELEASE
2020-06-28 13:27:37,378 [Worker-20: Import Getting Started Content] INFO  o.e.m.c.i.p.ProjectConfigurationManager - Update completed: 2 sec
2020-06-28 13:27:37,565 [Worker-3: Download sources and javadoc] INFO  o.e.m.c.i.e.AbstractTransferListenerAdapter - Downloading https://repo.maven.apache.org/maven2/org/springframework/boot/spring-boot-starter-validation/2.3.1.RELEASE/spring-boot-starter-validation-2.3.1.RELEASE-sources.jar
2020-06-28 13:27:37,608 [Worker-3: Download sources and javadoc] INFO  o.e.m.c.i.e.AbstractTransferListenerAdapter - Downloaded https://repo.maven.apache.org/maven2/org/springframework/boot/spring-boot-starter-validation/2.3.1.RELEASE/spring-boot-starter-validation-2.3.1.RELEASE-sources.jar
2020-06-28 13:27:37,639 [Worker-3: Download sources and javadoc] INFO  o.e.m.j.internal.DownloadSourcesJob - Downloaded sources for org.springframework.boot:spring-boot-starter-validation:2.3.1.RELEASE
2020-06-28 13:27:37,854 [Worker-3: Download sources and javadoc] INFO  o.e.m.c.i.e.AbstractTransferListenerAdapter - Downloading https://repo.maven.apache.org/maven2/org/hibernate/validator/hibernate-validator/6.1.5.Final/hibernate-validator-6.1.5.Final-sources.jar
2020-06-28 13:27:37,863 [Worker-21: Building] INFO  o.e.m.c.i.embedder.EclipseLogger - Using 'UTF-8' encoding to copy filtered resources.
2020-06-28 13:27:37,864 [Worker-21: Building] INFO  o.e.m.c.i.embedder.EclipseLogger - Copying 1 resource
2020-06-28 13:27:37,881 [Worker-21: Building] INFO  o.e.m.c.i.embedder.EclipseLogger - Copying 0 resource
2020-06-28 13:27:37,884 [Worker-21: Building] INFO  o.e.m.c.i.embedder.EclipseLogger - Using 'UTF-8' encoding to copy filtered resources.
2020-06-28 13:27:37,884 [Worker-21: Building] INFO  o.e.m.c.i.embedder.EclipseLogger - skip non existing resourceDirectory C:\TTS\Twitter\TechTalentTwitter\src\test\resources
2020-06-28 13:27:38,088 [Worker-3: Download sources and javadoc] INFO  o.e.m.c.i.e.AbstractTransferListenerAdapter - Downloaded https://repo.maven.apache.org/maven2/org/hibernate/validator/hibernate-validator/6.1.5.Final/hibernate-validator-6.1.5.Final-sources.jar
2020-06-28 13:27:38,125 [Worker-3: Download sources and javadoc] INFO  o.e.m.j.internal.DownloadSourcesJob - Downloaded sources for org.hibernate.validator:hibernate-validator:6.1.5.Final
2020-06-28 13:27:38,493 [Worker-3: Download sources and javadoc] INFO  o.e.m.c.i.e.AbstractTransferListenerAdapter - Downloading https://repo.maven.apache.org/maven2/jakarta/validation/jakarta.validation-api/2.0.2/jakarta.validation-api-2.0.2-sources.jar
2020-06-28 13:27:38,613 [Worker-3: Download sources and javadoc] INFO  o.e.m.c.i.e.AbstractTransferListenerAdapter - Downloaded https://repo.maven.apache.org/maven2/jakarta/validation/jakarta.validation-api/2.0.2/jakarta.validation-api-2.0.2-sources.jar
2020-06-28 13:27:38,641 [Worker-3: Download sources and javadoc] INFO  o.e.m.j.internal.DownloadSourcesJob - Downloaded sources for jakarta.validation:jakarta.validation-api:2.0.2
2020-06-28 13:27:38,835 [Worker-3: Download sources and javadoc] INFO  o.e.m.c.i.e.AbstractTransferListenerAdapter - Downloading https://repo.maven.apache.org/maven2/org/projectlombok/lombok/1.18.12/lombok-1.18.12-sources.jar
2020-06-28 13:27:39,068 [Worker-3: Download sources and javadoc] INFO  o.e.m.c.i.e.AbstractTransferListenerAdapter - Downloaded https://repo.maven.apache.org/maven2/org/projectlombok/lombok/1.18.12/lombok-1.18.12-sources.jar
2020-06-28 13:27:39,104 [Worker-3: Download sources and javadoc] INFO  o.e.m.j.internal.DownloadSourcesJob - Downloaded sources for org.projectlombok:lombok:1.18.12
2020-06-28 13:27:39,286 [Worker-3: Download sources and javadoc] INFO  o.e.m.c.i.e.AbstractTransferListenerAdapter - Downloading https://repo.maven.apache.org/maven2/org/springframework/security/spring-security-test/5.3.3.RELEASE/spring-security-test-5.3.3.RELEASE-sources.jar
2020-06-28 13:27:39,394 [Worker-3: Download sources and javadoc] INFO  o.e.m.c.i.e.AbstractTransferListenerAdapter - Downloaded https://repo.maven.apache.org/maven2/org/springframework/security/spring-security-test/5.3.3.RELEASE/spring-security-test-5.3.3.RELEASE-sources.jar
2020-06-28 13:27:39,419 [Worker-3: Download sources and javadoc] INFO  o.e.m.j.internal.DownloadSourcesJob - Downloaded sources for org.springframework.security:spring-security-test:5.3.3.RELEASE
2020-06-28 13:27:39,600 [Worker-3: Download sources and javadoc] INFO  o.e.m.c.i.e.AbstractTransferListenerAdapter - Downloading https://repo.maven.apache.org/maven2/org/springframework/security/spring-security-core/5.3.3.RELEASE/spring-security-core-5.3.3.RELEASE-sources.jar
2020-06-28 13:27:39,808 [Worker-3: Download sources and javadoc] INFO  o.e.m.c.i.e.AbstractTransferListenerAdapter - Downloaded https://repo.maven.apache.org/maven2/org/springframework/security/spring-security-core/5.3.3.RELEASE/spring-security-core-5.3.3.RELEASE-sources.jar
2020-06-28 13:27:39,831 [Worker-3: Download sources and javadoc] INFO  o.e.m.j.internal.DownloadSourcesJob - Downloaded sources for org.springframework.security:spring-security-core:5.3.3.RELEASE
2020-06-28 13:27:39,834 [Worker-3: Download sources and javadoc] INFO  o.e.m.j.internal.DownloadSourcesJob - Downloaded sources for org.springframework.boot:spring-boot-starter-security:2.3.1.RELEASE
2020-06-28 13:27:39,837 [Worker-3: Download sources and javadoc] INFO  o.e.m.j.internal.DownloadSourcesJob - Downloaded sources for org.springframework.security:spring-security-config:5.3.3.RELEASE
2020-06-28 13:27:39,841 [Worker-3: Download sources and javadoc] INFO  o.e.m.j.internal.DownloadSourcesJob - Downloaded sources for org.springframework.security:spring-security-web:5.3.3.RELEASE
2020-06-28 13:27:39,844 [Worker-3: Download sources and javadoc] INFO  o.e.m.j.internal.DownloadSourcesJob - Downloaded sources for org.springframework.boot:spring-boot-starter-validation:2.3.1.RELEASE
2020-06-28 13:27:39,847 [Worker-3: Download sources and javadoc] INFO  o.e.m.j.internal.DownloadSourcesJob - Downloaded sources for org.hibernate.validator:hibernate-validator:6.1.5.Final
2020-06-28 13:27:39,851 [Worker-3: Download sources and javadoc] INFO  o.e.m.j.internal.DownloadSourcesJob - Downloaded sources for jakarta.validation:jakarta.validation-api:2.0.2
2020-06-28 13:27:39,854 [Worker-3: Download sources and javadoc] INFO  o.e.m.j.internal.DownloadSourcesJob - Downloaded sources for org.projectlombok:lombok:1.18.12
2020-06-28 13:27:39,858 [Worker-3: Download sources and javadoc] INFO  o.e.m.j.internal.DownloadSourcesJob - Downloaded sources for org.springframework.security:spring-security-test:5.3.3.RELEASE
2020-06-28 13:27:39,861 [Worker-3: Download sources and javadoc] INFO  o.e.m.j.internal.DownloadSourcesJob - Downloaded sources for org.springframework.security:spring-security-core:5.3.3.RELEASE
2020-06-28 13:27:39,863 [Worker-3: Download sources and javadoc] INFO  o.e.m.j.internal.DownloadSourcesJob - Downloaded sources for org.springframework.security:spring-security-config:5.3.3.RELEASE
2020-06-28 13:27:39,866 [Worker-3: Download sources and javadoc] INFO  o.e.m.j.internal.DownloadSourcesJob - Downloaded sources for org.springframework.security:spring-security-web:5.3.3.RELEASE
2020-06-28 13:27:39,868 [Worker-3: Download sources and javadoc] INFO  o.e.m.j.internal.DownloadSourcesJob - Downloaded sources for org.springframework.boot:spring-boot-starter-validation:2.3.1.RELEASE
2020-06-28 13:27:39,871 [Worker-3: Download sources and javadoc] INFO  o.e.m.j.internal.DownloadSourcesJob - Downloaded sources for org.hibernate.validator:hibernate-validator:6.1.5.Final
2020-06-28 13:27:39,873 [Worker-3: Download sources and javadoc] INFO  o.e.m.j.internal.DownloadSourcesJob - Downloaded sources for jakarta.validation:jakarta.validation-api:2.0.2
2020-06-28 13:27:39,875 [Worker-3: Download sources and javadoc] INFO  o.e.m.j.internal.DownloadSourcesJob - Downloaded sources for org.projectlombok:lombok:1.18.12
2020-06-28 13:27:39,878 [Worker-3: Download sources and javadoc] INFO  o.e.m.j.internal.DownloadSourcesJob - Downloaded sources for org.springframework.security:spring-security-test:5.3.3.RELEASE
2020-06-28 13:27:39,880 [Worker-3: Download sources and javadoc] INFO  o.e.m.j.internal.DownloadSourcesJob - Downloaded sources for org.springframework.security:spring-security-core:5.3.3.RELEASE
2020-06-28 13:27:39,883 [Worker-3: Download sources and javadoc] INFO  o.e.m.j.internal.DownloadSourcesJob - Downloaded sources for org.springframework.security:spring-security-web:5.3.3.RELEASE
2020-06-28 13:27:39,885 [Worker-3: Download sources and javadoc] INFO  o.e.m.j.internal.DownloadSourcesJob - Downloaded sources for org.springframework.boot:spring-boot-starter-validation:2.3.1.RELEASE
2020-06-28 13:27:39,888 [Worker-3: Download sources and javadoc] INFO  o.e.m.j.internal.DownloadSourcesJob - Downloaded sources for org.hibernate.validator:hibernate-validator:6.1.5.Final
2020-06-28 13:27:39,891 [Worker-3: Download sources and javadoc] INFO  o.e.m.j.internal.DownloadSourcesJob - Downloaded sources for jakarta.validation:jakarta.validation-api:2.0.2
2020-06-28 13:27:39,893 [Worker-3: Download sources and javadoc] INFO  o.e.m.j.internal.DownloadSourcesJob - Downloaded sources for org.projectlombok:lombok:1.18.12
2020-06-28 13:27:39,896 [Worker-3: Download sources and javadoc] INFO  o.e.m.j.internal.DownloadSourcesJob - Downloaded sources for org.springframework.security:spring-security-test:5.3.3.RELEASE
2020-06-28 13:27:39,899 [Worker-3: Download sources and javadoc] INFO  o.e.m.j.internal.DownloadSourcesJob - Downloaded sources for org.springframework.security:spring-security-core:5.3.3.RELEASE
2020-06-28 13:27:40,289 [Worker-3: Building] INFO  o.e.m.c.i.embedder.EclipseLogger - Using 'UTF-8' encoding to copy filtered resources.
2020-06-28 13:27:40,290 [Worker-3: Building] INFO  o.e.m.c.i.embedder.EclipseLogger - Copying 0 resource
2020-06-28 13:27:40,291 [Worker-3: Building] INFO  o.e.m.c.i.embedder.EclipseLogger - Copying 0 resource
2020-06-28 13:27:40,292 [Worker-3: Building] INFO  o.e.m.c.i.embedder.EclipseLogger - Using 'UTF-8' encoding to copy filtered resources.
2020-06-28 13:27:40,292 [Worker-3: Building] INFO  o.e.m.c.i.embedder.EclipseLogger - skip non existing resourceDirectory C:\TTS\Twitter\TechTalentTwitter\src\test\resources
2020-06-28 13:29:44,522 [Worker-20: Building] INFO  o.e.m.c.i.l.LifecycleMappingFactory - Using org.eclipse.m2e.jdt.JarLifecycleMapping lifecycle mapping for MavenProject: com.tts:TechTalentTwitter:0.0.1-SNAPSHOT @ C:\TTS\Twitter\TechTalentTwitter\pom.xml.
2020-06-28 13:29:45,198 [Worker-20: Building] INFO  o.e.m.c.i.e.AbstractTransferListenerAdapter - Downloading https://repo.maven.apache.org/maven2/org/thymeleaf/extras/thymeleaf-extras-springsecurity4/3.0.2.RELEASE/thymeleaf-extras-springsecurity4-3.0.2.RELEASE.pom
2020-06-28 13:29:45,239 [Worker-20: Building] INFO  o.e.m.c.i.e.AbstractTransferListenerAdapter - Downloaded https://repo.maven.apache.org/maven2/org/thymeleaf/extras/thymeleaf-extras-springsecurity4/3.0.2.RELEASE/thymeleaf-extras-springsecurity4-3.0.2.RELEASE.pom
2020-06-28 13:29:45,288 [Worker-20: Building] INFO  o.e.m.c.i.e.AbstractTransferListenerAdapter - Downloading https://repo.maven.apache.org/maven2/org/ocpsoft/prettytime/prettytime/4.0.1.Final/prettytime-4.0.1.Final.pom
2020-06-28 13:29:45,339 [Worker-20: Building] INFO  o.e.m.c.i.e.AbstractTransferListenerAdapter - Downloaded https://repo.maven.apache.org/maven2/org/ocpsoft/prettytime/prettytime/4.0.1.Final/prettytime-4.0.1.Final.pom
2020-06-28 13:29:45,384 [Worker-20: Building] INFO  o.e.m.c.i.e.AbstractTransferListenerAdapter - Downloading https://repo.maven.apache.org/maven2/org/ocpsoft/prettytime/prettytime-parent/4.0.1.Final/prettytime-parent-4.0.1.Final.pom
2020-06-28 13:29:45,418 [Worker-20: Building] INFO  o.e.m.c.i.e.AbstractTransferListenerAdapter - Downloaded https://repo.maven.apache.org/maven2/org/ocpsoft/prettytime/prettytime-parent/4.0.1.Final/prettytime-parent-4.0.1.Final.pom
2020-06-28 13:29:45,478 [Worker-20: Building] INFO  o.e.m.c.i.e.AbstractTransferListenerAdapter - Downloading https://repo.maven.apache.org/maven2/org/ocpsoft/ocpsoft-parent/10/ocpsoft-parent-10.pom
2020-06-28 13:29:45,508 [Worker-20: Building] INFO  o.e.m.c.i.e.AbstractTransferListenerAdapter - Downloaded https://repo.maven.apache.org/maven2/org/ocpsoft/ocpsoft-parent/10/ocpsoft-parent-10.pom
2020-06-28 13:29:45,747 [AetherRepositoryConnector-repo.maven.apache.org-1-0] INFO  o.e.m.c.i.e.AbstractTransferListenerAdapter - Downloading https://repo.maven.apache.org/maven2/org/thymeleaf/extras/thymeleaf-extras-springsecurity4/3.0.2.RELEASE/thymeleaf-extras-springsecurity4-3.0.2.RELEASE.jar
2020-06-28 13:29:45,793 [AetherRepositoryConnector-repo.maven.apache.org-1-0] INFO  o.e.m.c.i.e.AbstractTransferListenerAdapter - Downloaded https://repo.maven.apache.org/maven2/org/thymeleaf/extras/thymeleaf-extras-springsecurity4/3.0.2.RELEASE/thymeleaf-extras-springsecurity4-3.0.2.RELEASE.jar
2020-06-28 13:29:45,892 [AetherRepositoryConnector-repo.maven.apache.org-1-1] INFO  o.e.m.c.i.e.AbstractTransferListenerAdapter - Downloading https://repo.maven.apache.org/maven2/org/ocpsoft/prettytime/prettytime/4.0.1.Final/prettytime-4.0.1.Final.jar
2020-06-28 13:29:46,008 [AetherRepositoryConnector-repo.maven.apache.org-1-1] INFO  o.e.m.c.i.e.AbstractTransferListenerAdapter - Downloaded https://repo.maven.apache.org/maven2/org/ocpsoft/prettytime/prettytime/4.0.1.Final/prettytime-4.0.1.Final.jar
2020-06-28 13:29:46,434 [Worker-20: Building] INFO  o.e.m.c.i.embedder.EclipseLogger - Using 'UTF-8' encoding to copy filtered resources.
2020-06-28 13:29:46,437 [Worker-20: Building] INFO  o.e.m.c.i.embedder.EclipseLogger - Copying 0 resource
2020-06-28 13:29:46,437 [Worker-20: Building] INFO  o.e.m.c.i.embedder.EclipseLogger - Copying 0 resource
2020-06-28 13:29:46,439 [Worker-20: Building] INFO  o.e.m.c.i.embedder.EclipseLogger - Using 'UTF-8' encoding to copy filtered resources.
2020-06-28 13:29:46,439 [Worker-20: Building] INFO  o.e.m.c.i.embedder.EclipseLogger - skip non existing resourceDirectory C:\TTS\Twitter\TechTalentTwitter\src\test\resources
2020-06-28 13:29:47,899 [Worker-2: Building] INFO  o.e.m.c.i.embedder.EclipseLogger - Using 'UTF-8' encoding to copy filtered resources.
2020-06-28 13:29:47,902 [Worker-2: Building] INFO  o.e.m.c.i.embedder.EclipseLogger - Copying 1 resource
2020-06-28 13:29:47,918 [Worker-2: Building] INFO  o.e.m.c.i.embedder.EclipseLogger - Copying 0 resource
2020-06-28 13:29:47,921 [Worker-2: Building] INFO  o.e.m.c.i.embedder.EclipseLogger - Using 'UTF-8' encoding to copy filtered resources.
2020-06-28 13:29:47,921 [Worker-2: Building] INFO  o.e.m.c.i.embedder.EclipseLogger - skip non existing resourceDirectory C:\TTS\Twitter\TechTalentTwitter\src\test\resources
2020-06-28 13:29:48,028 [Worker-15: Download sources and javadoc] INFO  o.e.m.c.i.e.AbstractTransferListenerAdapter - Downloading https://repo.maven.apache.org/maven2/org/thymeleaf/extras/thymeleaf-extras-springsecurity4/3.0.2.RELEASE/thymeleaf-extras-springsecurity4-3.0.2.RELEASE-sources.jar
2020-06-28 13:29:48,095 [Worker-15: Download sources and javadoc] INFO  o.e.m.c.i.e.AbstractTransferListenerAdapter - Downloaded https://repo.maven.apache.org/maven2/org/thymeleaf/extras/thymeleaf-extras-springsecurity4/3.0.2.RELEASE/thymeleaf-extras-springsecurity4-3.0.2.RELEASE-sources.jar
2020-06-28 13:29:48,127 [Worker-15: Download sources and javadoc] INFO  o.e.m.j.internal.DownloadSourcesJob - Downloaded sources for org.thymeleaf.extras:thymeleaf-extras-springsecurity4:3.0.2.RELEASE
2020-06-28 13:29:48,330 [Worker-15: Download sources and javadoc] INFO  o.e.m.c.i.e.AbstractTransferListenerAdapter - Downloaded https://repo.maven.apache.org/maven2/org/ocpsoft/prettytime/prettytime/4.0.1.Final/prettytime-4.0.1.Final-sources.jar
2020-06-28 13:29:48,339 [Worker-15: Download sources and javadoc] ERROR o.e.m.j.internal.DownloadSourcesJob - Could not download sources for org.ocpsoft.prettytime:prettytime:4.0.1.Final
org.eclipse.core.runtime.CoreException: Could not resolve artifact org.ocpsoft.prettytime:prettytime:jar:sources:4.0.1.Final
	at org.eclipse.m2e.core.internal.embedder.MavenImpl.lambda$4(MavenImpl.java:803) ~[org.eclipse.m2e.core_1.15.0.20200305-1308.jar:na]
	at org.eclipse.m2e.core.internal.embedder.MavenExecutionContext.executeBare(MavenExecutionContext.java:179) ~[org.eclipse.m2e.core_1.15.0.20200305-1308.jar:na]
	at org.eclipse.m2e.core.internal.embedder.MavenExecutionContext.execute(MavenExecutionContext.java:114) ~[org.eclipse.m2e.core_1.15.0.20200305-1308.jar:na]
	at org.eclipse.m2e.core.internal.embedder.MavenExecutionContext.execute(MavenExecutionContext.java:101) ~[org.eclipse.m2e.core_1.15.0.20200305-1308.jar:na]
	at org.eclipse.m2e.core.internal.embedder.MavenImpl.resolve(MavenImpl.java:771) ~[org.eclipse.m2e.core_1.15.0.20200305-1308.jar:na]
	at org.eclipse.m2e.core.internal.embedder.MavenImpl.resolve(MavenImpl.java:748) ~[org.eclipse.m2e.core_1.15.0.20200305-1308.jar:na]
	at org.eclipse.m2e.jdt.internal.DownloadSourcesJob.download(DownloadSourcesJob.java:330) [org.eclipse.m2e.jdt_1.15.0.20200226-1722.jar:na]
	at org.eclipse.m2e.jdt.internal.DownloadSourcesJob.downloadAttachments(DownloadSourcesJob.java:304) [org.eclipse.m2e.jdt_1.15.0.20200226-1722.jar:na]
	at org.eclipse.m2e.jdt.internal.DownloadSourcesJob.downloadMaven(DownloadSourcesJob.java:269) [org.eclipse.m2e.jdt_1.15.0.20200226-1722.jar:na]
	at org.eclipse.m2e.jdt.internal.DownloadSourcesJob.downloadFilesAndPopulateToUpdate(DownloadSourcesJob.java:233) [org.eclipse.m2e.jdt_1.15.0.20200226-1722.jar:na]
	at org.eclipse.m2e.jdt.internal.DownloadSourcesJob.lambda$0(DownloadSourcesJob.java:161) [org.eclipse.m2e.jdt_1.15.0.20200226-1722.jar:na]
	at org.eclipse.m2e.core.internal.embedder.MavenExecutionContext.executeBare(MavenExecutionContext.java:179) ~[org.eclipse.m2e.core_1.15.0.20200305-1308.jar:na]
	at org.eclipse.m2e.core.internal.embedder.MavenExecutionContext.execute(MavenExecutionContext.java:153) ~[org.eclipse.m2e.core_1.15.0.20200305-1308.jar:na]
	at org.eclipse.m2e.core.internal.embedder.MavenExecutionContext.execute(MavenExecutionContext.java:101) ~[org.eclipse.m2e.core_1.15.0.20200305-1308.jar:na]
	at org.eclipse.m2e.core.internal.embedder.MavenImpl.execute(MavenImpl.java:1373) ~[org.eclipse.m2e.core_1.15.0.20200305-1308.jar:na]
	at org.eclipse.m2e.jdt.internal.DownloadSourcesJob.run(DownloadSourcesJob.java:161) [org.eclipse.m2e.jdt_1.15.0.20200226-1722.jar:na]
	at org.eclipse.core.internal.jobs.Worker.run(Worker.java:63) ~[org.eclipse.core.jobs_3.10.700.v20200106-1020.jar:na]
2020-06-28 13:29:49,019 [Worker-3: Building] INFO  o.e.m.c.i.embedder.EclipseLogger - Using 'UTF-8' encoding to copy filtered resources.
2020-06-28 13:29:49,020 [Worker-3: Building] INFO  o.e.m.c.i.embedder.EclipseLogger - Copying 0 resource
2020-06-28 13:29:49,020 [Worker-3: Building] INFO  o.e.m.c.i.embedder.EclipseLogger - Copying 0 resource
2020-06-28 13:29:49,021 [Worker-3: Building] INFO  o.e.m.c.i.embedder.EclipseLogger - Using 'UTF-8' encoding to copy filtered resources.
2020-06-28 13:29:49,021 [Worker-3: Building] INFO  o.e.m.c.i.embedder.EclipseLogger - skip non existing resourceDirectory C:\TTS\Twitter\TechTalentTwitter\src\test\resources
2020-06-28 13:29:49,793 [Worker-7: Download sources and javadoc] INFO  o.e.m.c.i.e.AbstractTransferListenerAdapter - Downloading https://repo.maven.apache.org/maven2/org/ocpsoft/prettytime/prettytime/4.0.1.Final/prettytime-4.0.1.Final-javadoc.jar
2020-06-28 13:29:49,974 [Worker-7: Download sources and javadoc] INFO  o.e.m.c.i.e.AbstractTransferListenerAdapter - Downloaded https://repo.maven.apache.org/maven2/org/ocpsoft/prettytime/prettytime/4.0.1.Final/prettytime-4.0.1.Final-javadoc.jar
2020-06-28 13:29:49,998 [Worker-7: Download sources and javadoc] INFO  o.e.m.j.internal.DownloadSourcesJob - Downloaded javadoc for org.ocpsoft.prettytime:prettytime:4.0.1.Final
2020-06-28 13:29:50,377 [Worker-21: Building] INFO  o.e.m.c.i.embedder.EclipseLogger - Using 'UTF-8' encoding to copy filtered resources.
2020-06-28 13:29:50,378 [Worker-21: Building] INFO  o.e.m.c.i.embedder.EclipseLogger - Copying 0 resource
2020-06-28 13:29:50,378 [Worker-21: Building] INFO  o.e.m.c.i.embedder.EclipseLogger - Copying 0 resource
2020-06-28 13:29:50,380 [Worker-21: Building] INFO  o.e.m.c.i.embedder.EclipseLogger - Using 'UTF-8' encoding to copy filtered resources.
2020-06-28 13:29:50,380 [Worker-21: Building] INFO  o.e.m.c.i.embedder.EclipseLogger - skip non existing resourceDirectory C:\TTS\Twitter\TechTalentTwitter\src\test\resources
2020-06-28 13:33:29,947 [Worker-19: Building] INFO  o.e.m.c.i.embedder.EclipseLogger - Using 'UTF-8' encoding to copy filtered resources.
2020-06-28 13:33:29,951 [Worker-19: Building] INFO  o.e.m.c.i.embedder.EclipseLogger - Copying 1 resource
2020-06-28 13:33:29,958 [Worker-19: Building] INFO  o.e.m.c.i.embedder.EclipseLogger - Copying 12 resources
2020-06-28 13:33:30,004 [Worker-19: Building] INFO  o.e.m.c.i.embedder.EclipseLogger - Using 'UTF-8' encoding to copy filtered resources.
2020-06-28 13:33:30,005 [Worker-19: Building] INFO  o.e.m.c.i.embedder.EclipseLogger - skip non existing resourceDirectory C:\TTS\Twitter\TechTalentTwitter\src\test\resources
2020-06-28 13:33:59,909 [Worker-15: Building] INFO  o.e.m.c.i.embedder.EclipseLogger - Using 'UTF-8' encoding to copy filtered resources.
2020-06-28 13:33:59,911 [Worker-15: Building] INFO  o.e.m.c.i.embedder.EclipseLogger - Copying 1 resource
2020-06-28 13:33:59,912 [Worker-15: Building] INFO  o.e.m.c.i.embedder.EclipseLogger - Copying 0 resource
2020-06-28 13:33:59,913 [Worker-15: Building] INFO  o.e.m.c.i.embedder.EclipseLogger - Using 'UTF-8' encoding to copy filtered resources.
2020-06-28 13:33:59,913 [Worker-15: Building] INFO  o.e.m.c.i.embedder.EclipseLogger - skip non existing resourceDirectory C:\TTS\Twitter\TechTalentTwitter\src\test\resources
2020-06-28 13:35:19,150 [Worker-2: Building] INFO  o.e.m.c.i.embedder.EclipseLogger - Using 'UTF-8' encoding to copy filtered resources.
2020-06-28 13:35:19,154 [Worker-2: Building] INFO  o.e.m.c.i.embedder.EclipseLogger - Copying 1 resource
2020-06-28 13:35:19,161 [Worker-2: Building] INFO  o.e.m.c.i.embedder.EclipseLogger - Copying 12 resources
2020-06-28 13:35:19,166 [Worker-2: Building] INFO  o.e.m.c.i.embedder.EclipseLogger - Using 'UTF-8' encoding to copy filtered resources.
2020-06-28 13:35:19,167 [Worker-2: Building] INFO  o.e.m.c.i.embedder.EclipseLogger - skip non existing resourceDirectory C:\TTS\Twitter\TechTalentTwitter\src\test\resources
2020-06-28 13:35:32,137 [Worker-2: Building] INFO  o.e.m.c.i.embedder.EclipseLogger - Using 'UTF-8' encoding to copy filtered resources.
2020-06-28 13:35:32,137 [Worker-2: Building] INFO  o.e.m.c.i.embedder.EclipseLogger - Copying 1 resource
2020-06-28 13:35:32,139 [Worker-2: Building] INFO  o.e.m.c.i.embedder.EclipseLogger - Copying 12 resources
2020-06-28 13:35:32,181 [Worker-2: Building] INFO  o.e.m.c.i.embedder.EclipseLogger - Using 'UTF-8' encoding to copy filtered resources.
2020-06-28 13:35:32,181 [Worker-2: Building] INFO  o.e.m.c.i.embedder.EclipseLogger - skip non existing resourceDirectory C:\TTS\Twitter\TechTalentTwitter\src\test\resources
2020-06-28 13:37:17,536 [Worker-15: Building] INFO  o.e.m.c.i.embedder.EclipseLogger - Using 'UTF-8' encoding to copy filtered resources.
2020-06-28 13:37:17,536 [Worker-15: Building] INFO  o.e.m.c.i.embedder.EclipseLogger - Copying 1 resource
2020-06-28 13:37:17,538 [Worker-15: Building] INFO  o.e.m.c.i.embedder.EclipseLogger - Copying 12 resources
2020-06-28 13:37:17,576 [Worker-15: Building] INFO  o.e.m.c.i.embedder.EclipseLogger - Using 'UTF-8' encoding to copy filtered resources.
2020-06-28 13:37:17,577 [Worker-15: Building] INFO  o.e.m.c.i.embedder.EclipseLogger - skip non existing resourceDirectory C:\TTS\Twitter\TechTalentTwitter\src\test\resources
2020-06-28 13:38:06,806 [Worker-3: Loading available Gradle versions] INFO  o.e.b.c.i.u.g.PublishedGradleVersions - Gradle version information cache is up-to-date. Trying to read.
2020-06-28 13:38:25,615 [Worker-17: Building] INFO  o.e.m.c.i.embedder.EclipseLogger - Using 'UTF-8' encoding to copy filtered resources.
2020-06-28 13:38:25,633 [Worker-17: Building] INFO  o.e.m.c.i.embedder.EclipseLogger - Copying 1 resource
2020-06-28 13:38:25,656 [Worker-17: Building] INFO  o.e.m.c.i.embedder.EclipseLogger - Copying 12 resources
2020-06-28 13:38:25,692 [Worker-17: Building] INFO  o.e.m.c.i.embedder.EclipseLogger - Using 'UTF-8' encoding to copy filtered resources.
2020-06-28 13:38:25,706 [Worker-17: Building] INFO  o.e.m.c.i.embedder.EclipseLogger - skip non existing resourceDirectory C:\TTS\Twitter\TechTalentTwitter\src\test\resources
2020-06-28 13:39:17,606 [Worker-13: Building] INFO  o.e.m.c.i.embedder.EclipseLogger - Using 'UTF-8' encoding to copy filtered resources.
2020-06-28 13:39:17,608 [Worker-13: Building] INFO  o.e.m.c.i.embedder.EclipseLogger - Copying 0 resource
2020-06-28 13:39:17,610 [Worker-13: Building] INFO  o.e.m.c.i.embedder.EclipseLogger - Copying 0 resource
2020-06-28 13:39:17,615 [Worker-13: Building] INFO  o.e.m.c.i.embedder.EclipseLogger - Using 'UTF-8' encoding to copy filtered resources.
2020-06-28 13:39:17,615 [Worker-13: Building] INFO  o.e.m.c.i.embedder.EclipseLogger - skip non existing resourceDirectory C:\TTS\Twitter\TechTalentTwitter\src\test\resources
2020-07-01 16:43:25,545 [Worker-3: Loading available Gradle versions] INFO  o.e.b.c.i.u.g.PublishedGradleVersions - Gradle version information cache is up-to-date. Trying to read.
2020-07-01 16:43:39,591 [Worker-8: Launching TechTalentTwitter - TechTalentTwitterApplication] INFO  o.e.m.c.i.embedder.EclipseLogger - Using 'UTF-8' encoding to copy filtered resources.
2020-07-01 16:43:39,597 [Worker-8: Launching TechTalentTwitter - TechTalentTwitterApplication] INFO  o.e.m.c.i.embedder.EclipseLogger - Copying 1 resource
2020-07-01 16:43:39,617 [Worker-8: Launching TechTalentTwitter - TechTalentTwitterApplication] INFO  o.e.m.c.i.embedder.EclipseLogger - Copying 12 resources
2020-07-01 16:43:39,657 [Worker-8: Launching TechTalentTwitter - TechTalentTwitterApplication] INFO  o.e.m.c.i.embedder.EclipseLogger - Using 'UTF-8' encoding to copy filtered resources.
2020-07-01 16:43:39,657 [Worker-8: Launching TechTalentTwitter - TechTalentTwitterApplication] INFO  o.e.m.c.i.embedder.EclipseLogger - skip non existing resourceDirectory C:\TTS\Twitter\TechTalentTwitter\src\test\resources
2020-07-04 15:30:36,843 [Worker-3: Loading available Gradle versions] INFO  o.e.b.c.i.u.g.PublishedGradleVersions - Gradle version information cache is out-of-date. Trying to update.
2020-07-09 08:17:56,743 [Worker-2: Loading available Gradle versions] INFO  o.e.b.c.i.u.g.PublishedGradleVersions - Gradle version information cache is up-to-date. Trying to read.
2020-07-09 10:31:44,791 [Worker-5: Loading available Gradle versions] INFO  o.e.b.c.i.u.g.PublishedGradleVersions - Gradle version information cache is up-to-date. Trying to read.
2020-07-09 10:41:56,631 [Worker-6: Launching TechTalentTwitter - TechTalentTwitterApplication] INFO  o.e.m.c.i.embedder.EclipseLogger - Using 'UTF-8' encoding to copy filtered resources.
2020-07-09 10:41:56,639 [Worker-6: Launching TechTalentTwitter - TechTalentTwitterApplication] INFO  o.e.m.c.i.embedder.EclipseLogger - Copying 1 resource
2020-07-09 10:41:56,670 [Worker-6: Launching TechTalentTwitter - TechTalentTwitterApplication] INFO  o.e.m.c.i.embedder.EclipseLogger - Copying 12 resources
2020-07-09 10:41:56,708 [Worker-6: Launching TechTalentTwitter - TechTalentTwitterApplication] INFO  o.e.m.c.i.embedder.EclipseLogger - Using 'UTF-8' encoding to copy filtered resources.
2020-07-09 10:41:56,708 [Worker-6: Launching TechTalentTwitter - TechTalentTwitterApplication] INFO  o.e.m.c.i.embedder.EclipseLogger - skip non existing resourceDirectory C:\TTS\Twitter\TechTalentTwitter\src\test\resources
2020-07-09 11:40:24,562 [Worker-2: Loading available Gradle versions] INFO  o.e.b.c.i.u.g.PublishedGradleVersions - Gradle version information cache is up-to-date. Trying to read.
2020-07-13 20:59:35,699 [Worker-1: Loading available Gradle versions] INFO  o.e.b.c.i.u.g.PublishedGradleVersions - Gradle version information cache is out-of-date. Trying to update.
2020-07-14 10:03:56,591 [Worker-1: Loading available Gradle versions] INFO  o.e.b.c.i.u.g.PublishedGradleVersions - Gradle version information cache is up-to-date. Trying to read.
2020-07-14 10:04:33,396 [Worker-16: Launching TechTalentTwitter - TechTalentTwitterApplication] INFO  o.e.m.c.i.embedder.EclipseLogger - Using 'UTF-8' encoding to copy filtered resources.
2020-07-14 10:04:33,404 [Worker-16: Launching TechTalentTwitter - TechTalentTwitterApplication] INFO  o.e.m.c.i.embedder.EclipseLogger - Copying 1 resource
2020-07-14 10:04:33,436 [Worker-16: Launching TechTalentTwitter - TechTalentTwitterApplication] INFO  o.e.m.c.i.embedder.EclipseLogger - Copying 12 resources
2020-07-14 10:04:33,473 [Worker-16: Launching TechTalentTwitter - TechTalentTwitterApplication] INFO  o.e.m.c.i.embedder.EclipseLogger - Using 'UTF-8' encoding to copy filtered resources.
2020-07-14 10:04:33,474 [Worker-16: Launching TechTalentTwitter - TechTalentTwitterApplication] INFO  o.e.m.c.i.embedder.EclipseLogger - skip non existing resourceDirectory C:\TTS\Twitter\TechTalentTwitter\src\test\resources
2020-07-14 10:14:42,878 [Start Help Server] INFO  org.eclipse.jetty.util.log - Logging initialized @668241ms to org.eclipse.jetty.util.log.Slf4jLog
2020-07-14 10:14:43,084 [Start Help Server] INFO  org.eclipse.jetty.server.Server - jetty-9.4.27.v20200227; built: 2020-03-02T14:40:42.212Z; git: a304fd9f351f337e7c0e2a7c28878dd536149c6c; jvm 1.8.0_171-b11
2020-07-14 10:14:43,353 [Start Help Server] INFO  org.eclipse.jetty.server.session - DefaultSessionIdManager workerName=node0
2020-07-14 10:14:43,353 [Start Help Server] INFO  org.eclipse.jetty.server.session - No SessionScavenger set, using defaults
2020-07-14 10:14:43,356 [Start Help Server] INFO  org.eclipse.jetty.server.session - node0 Scavenging every 600000ms
2020-07-14 10:14:43,440 [Start Help Server] INFO  o.e.j.server.handler.ContextHandler - Started o.e.j.s.ServletContextHandler@3e960ff2{/help,null,AVAILABLE}
2020-07-14 10:14:43,472 [Start Help Server] INFO  o.e.jetty.server.AbstractConnector - Started ServerConnector@54e4876d{HTTP/1.1, (http/1.1)}{127.0.0.1:60428}
2020-07-14 10:14:43,472 [Start Help Server] INFO  org.eclipse.jetty.server.Server - Started @668837ms
2020-07-14 10:14:43,472 [Start Help Server] INFO  org.eclipse.jetty.server.session - node0 Scavenging every 660000ms
2020-07-14 10:48:36,864 [Stop Help Server] INFO  o.e.jetty.server.AbstractConnector - Stopped ServerConnector@54e4876d{HTTP/1.1, (http/1.1)}{127.0.0.1:0}
2020-07-14 10:48:36,864 [Stop Help Server] INFO  org.eclipse.jetty.server.session - node0 Stopped scavenging
2020-07-14 10:48:36,873 [Stop Help Server] INFO  o.e.j.server.handler.ContextHandler - Stopped o.e.j.s.ServletContextHandler@3e960ff2{/help,null,UNAVAILABLE}
2020-07-15 17:12:58,621 [Worker-1: Loading available Gradle versions] INFO  o.e.b.c.i.u.g.PublishedGradleVersions - Gradle version information cache is up-to-date. Trying to read.
2020-07-15 18:41:58,165 [Start Help Server] INFO  org.eclipse.jetty.util.log - Logging initialized @5366887ms to org.eclipse.jetty.util.log.Slf4jLog
2020-07-15 18:41:58,484 [Start Help Server] INFO  org.eclipse.jetty.server.Server - jetty-9.4.27.v20200227; built: 2020-03-02T14:40:42.212Z; git: a304fd9f351f337e7c0e2a7c28878dd536149c6c; jvm 1.8.0_171-b11
2020-07-15 18:41:58,894 [Start Help Server] INFO  org.eclipse.jetty.server.session - DefaultSessionIdManager workerName=node0
2020-07-15 18:41:58,894 [Start Help Server] INFO  org.eclipse.jetty.server.session - No SessionScavenger set, using defaults
2020-07-15 18:41:58,897 [Start Help Server] INFO  org.eclipse.jetty.server.session - node0 Scavenging every 600000ms
2020-07-15 18:41:59,047 [Start Help Server] INFO  o.e.j.server.handler.ContextHandler - Started o.e.j.s.ServletContextHandler@502437b2{/help,null,AVAILABLE}
2020-07-15 18:41:59,096 [Start Help Server] INFO  o.e.jetty.server.AbstractConnector - Started ServerConnector@563881fa{HTTP/1.1, (http/1.1)}{127.0.0.1:50381}
2020-07-15 18:41:59,097 [Start Help Server] INFO  org.eclipse.jetty.server.Server - Started @5367822ms
2020-07-15 18:41:59,097 [Start Help Server] INFO  org.eclipse.jetty.server.session - node0 Scavenging every 600000ms
2020-07-15 20:03:37,506 [Worker-38: Building] INFO  o.e.m.c.i.embedder.EclipseLogger - Using 'UTF-8' encoding to copy filtered resources.
2020-07-15 20:03:37,518 [Worker-38: Building] INFO  o.e.m.c.i.embedder.EclipseLogger - Copying 1 resource
2020-07-15 20:03:37,561 [Worker-38: Building] INFO  o.e.m.c.i.embedder.EclipseLogger - Copying 12 resources
2020-07-15 20:03:37,590 [Worker-38: Building] INFO  o.e.m.c.i.embedder.EclipseLogger - Using 'UTF-8' encoding to copy filtered resources.
2020-07-15 20:03:37,590 [Worker-38: Building] INFO  o.e.m.c.i.embedder.EclipseLogger - skip non existing resourceDirectory C:\TTS\Twitter\TechTalentTwitter\src\test\resources
2020-07-15 20:05:06,214 [Worker-38: Building] INFO  o.e.m.c.i.embedder.EclipseLogger - Using 'UTF-8' encoding to copy filtered resources.
2020-07-15 20:05:06,233 [Worker-38: Building] INFO  o.e.m.c.i.embedder.EclipseLogger - Copying 1 resource
2020-07-15 20:05:06,241 [Worker-38: Building] INFO  o.e.m.c.i.embedder.EclipseLogger - Copying 12 resources
2020-07-15 20:05:06,253 [Worker-38: Building] INFO  o.e.m.c.i.embedder.EclipseLogger - Using 'UTF-8' encoding to copy filtered resources.
2020-07-15 20:05:06,254 [Worker-38: Building] INFO  o.e.m.c.i.embedder.EclipseLogger - skip non existing resourceDirectory C:\TTS\Twitter\TechTalentTwitter\src\test\resources
2020-07-15 20:08:16,891 [Worker-35: Building] INFO  o.e.m.c.i.embedder.EclipseLogger - Using 'UTF-8' encoding to copy filtered resources.
2020-07-15 20:08:16,908 [Worker-35: Building] INFO  o.e.m.c.i.embedder.EclipseLogger - Copying 1 resource
2020-07-15 20:08:16,924 [Worker-35: Building] INFO  o.e.m.c.i.embedder.EclipseLogger - Copying 12 resources
2020-07-15 20:08:16,944 [Worker-35: Building] INFO  o.e.m.c.i.embedder.EclipseLogger - Using 'UTF-8' encoding to copy filtered resources.
2020-07-15 20:08:16,944 [Worker-35: Building] INFO  o.e.m.c.i.embedder.EclipseLogger - skip non existing resourceDirectory C:\TTS\Twitter\TechTalentTwitter\src\test\resources
2020-07-15 20:10:45,503 [Worker-41: Building] INFO  o.e.m.c.i.embedder.EclipseLogger - Using 'UTF-8' encoding to copy filtered resources.
2020-07-15 20:10:45,508 [Worker-41: Building] INFO  o.e.m.c.i.embedder.EclipseLogger - Copying 1 resource
2020-07-15 20:10:45,519 [Worker-41: Building] INFO  o.e.m.c.i.embedder.EclipseLogger - Copying 12 resources
2020-07-15 20:10:45,531 [Worker-41: Building] INFO  o.e.m.c.i.embedder.EclipseLogger - Using 'UTF-8' encoding to copy filtered resources.
2020-07-15 20:10:45,531 [Worker-41: Building] INFO  o.e.m.c.i.embedder.EclipseLogger - skip non existing resourceDirectory C:\TTS\Twitter\TechTalentTwitter\src\test\resources
2020-07-15 20:14:50,507 [Worker-28: Building] INFO  o.e.m.c.i.embedder.EclipseLogger - Using 'UTF-8' encoding to copy filtered resources.
2020-07-15 20:14:50,513 [Worker-28: Building] INFO  o.e.m.c.i.embedder.EclipseLogger - Copying 1 resource
2020-07-15 20:14:50,520 [Worker-28: Building] INFO  o.e.m.c.i.embedder.EclipseLogger - Copying 12 resources
2020-07-15 20:14:50,531 [Worker-28: Building] INFO  o.e.m.c.i.embedder.EclipseLogger - Using 'UTF-8' encoding to copy filtered resources.
2020-07-15 20:14:50,532 [Worker-28: Building] INFO  o.e.m.c.i.embedder.EclipseLogger - skip non existing resourceDirectory C:\TTS\Twitter\TechTalentTwitter\src\test\resources
2020-07-15 20:16:50,866 [Worker-33: Building] INFO  o.e.m.c.i.embedder.EclipseLogger - Using 'UTF-8' encoding to copy filtered resources.
2020-07-15 20:16:50,867 [Worker-33: Building] INFO  o.e.m.c.i.embedder.EclipseLogger - Copying 0 resource
2020-07-15 20:16:50,867 [Worker-33: Building] INFO  o.e.m.c.i.embedder.EclipseLogger - Copying 1 resource
2020-07-15 20:16:50,874 [Worker-33: Building] INFO  o.e.m.c.i.embedder.EclipseLogger - Using 'UTF-8' encoding to copy filtered resources.
2020-07-15 20:16:50,874 [Worker-33: Building] INFO  o.e.m.c.i.embedder.EclipseLogger - skip non existing resourceDirectory C:\TTS\Twitter\TechTalentTwitter\src\test\resources
2020-07-15 20:17:44,557 [Worker-40: Building] INFO  o.e.m.c.i.embedder.EclipseLogger - Using 'UTF-8' encoding to copy filtered resources.
2020-07-15 20:17:44,559 [Worker-40: Building] INFO  o.e.m.c.i.embedder.EclipseLogger - Copying 0 resource
2020-07-15 20:17:44,560 [Worker-40: Building] INFO  o.e.m.c.i.embedder.EclipseLogger - Copying 1 resource
2020-07-15 20:17:44,573 [Worker-40: Building] INFO  o.e.m.c.i.embedder.EclipseLogger - Using 'UTF-8' encoding to copy filtered resources.
2020-07-15 20:17:44,573 [Worker-40: Building] INFO  o.e.m.c.i.embedder.EclipseLogger - skip non existing resourceDirectory C:\TTS\Twitter\TechTalentTwitter\src\test\resources
2020-07-15 20:35:52,927 [Worker-47: Building] INFO  o.e.m.c.i.embedder.EclipseLogger - Using 'UTF-8' encoding to copy filtered resources.
2020-07-15 20:35:52,928 [Worker-47: Building] INFO  o.e.m.c.i.embedder.EclipseLogger - Copying 0 resource
2020-07-15 20:35:52,929 [Worker-47: Building] INFO  o.e.m.c.i.embedder.EclipseLogger - Copying 1 resource
2020-07-15 20:35:52,950 [Worker-47: Building] INFO  o.e.m.c.i.embedder.EclipseLogger - Using 'UTF-8' encoding to copy filtered resources.
2020-07-15 20:35:52,951 [Worker-47: Building] INFO  o.e.m.c.i.embedder.EclipseLogger - skip non existing resourceDirectory C:\TTS\Twitter\TechTalentTwitter\src\test\resources
2020-07-15 20:42:38,112 [Worker-47: Building] INFO  o.e.m.c.i.embedder.EclipseLogger - Using 'UTF-8' encoding to copy filtered resources.
2020-07-15 20:42:38,113 [Worker-47: Building] INFO  o.e.m.c.i.embedder.EclipseLogger - Copying 0 resource
2020-07-15 20:42:38,113 [Worker-47: Building] INFO  o.e.m.c.i.embedder.EclipseLogger - Copying 1 resource
2020-07-15 20:42:38,127 [Worker-47: Building] INFO  o.e.m.c.i.embedder.EclipseLogger - Using 'UTF-8' encoding to copy filtered resources.
2020-07-15 20:42:38,127 [Worker-47: Building] INFO  o.e.m.c.i.embedder.EclipseLogger - skip non existing resourceDirectory C:\TTS\Twitter\TechTalentTwitter\src\test\resources
2020-07-15 20:43:08,347 [Worker-47: Building] INFO  o.e.m.c.i.embedder.EclipseLogger - Using 'UTF-8' encoding to copy filtered resources.
2020-07-15 20:43:08,348 [Worker-47: Building] INFO  o.e.m.c.i.embedder.EclipseLogger - Copying 0 resource
2020-07-15 20:43:08,349 [Worker-47: Building] INFO  o.e.m.c.i.embedder.EclipseLogger - Copying 1 resource
2020-07-15 20:43:08,357 [Worker-47: Building] INFO  o.e.m.c.i.embedder.EclipseLogger - Using 'UTF-8' encoding to copy filtered resources.
2020-07-15 20:43:08,357 [Worker-47: Building] INFO  o.e.m.c.i.embedder.EclipseLogger - skip non existing resourceDirectory C:\TTS\Twitter\TechTalentTwitter\src\test\resources
2020-07-15 20:43:41,735 [Worker-49: Building] INFO  o.e.m.c.i.embedder.EclipseLogger - Using 'UTF-8' encoding to copy filtered resources.
2020-07-15 20:43:41,735 [Worker-49: Building] INFO  o.e.m.c.i.embedder.EclipseLogger - Copying 0 resource
2020-07-15 20:43:41,736 [Worker-49: Building] INFO  o.e.m.c.i.embedder.EclipseLogger - Copying 1 resource
2020-07-15 20:43:41,743 [Worker-49: Building] INFO  o.e.m.c.i.embedder.EclipseLogger - Using 'UTF-8' encoding to copy filtered resources.
2020-07-15 20:43:41,743 [Worker-49: Building] INFO  o.e.m.c.i.embedder.EclipseLogger - skip non existing resourceDirectory C:\TTS\Twitter\TechTalentTwitter\src\test\resources
2020-07-15 20:44:06,436 [Worker-52: Building] INFO  o.e.m.c.i.embedder.EclipseLogger - Using 'UTF-8' encoding to copy filtered resources.
2020-07-15 20:44:06,437 [Worker-52: Building] INFO  o.e.m.c.i.embedder.EclipseLogger - Copying 0 resource
2020-07-15 20:44:06,438 [Worker-52: Building] INFO  o.e.m.c.i.embedder.EclipseLogger - Copying 1 resource
2020-07-15 20:44:06,451 [Worker-52: Building] INFO  o.e.m.c.i.embedder.EclipseLogger - Using 'UTF-8' encoding to copy filtered resources.
2020-07-15 20:44:06,451 [Worker-52: Building] INFO  o.e.m.c.i.embedder.EclipseLogger - skip non existing resourceDirectory C:\TTS\Twitter\TechTalentTwitter\src\test\resources
