2020-07-11 14:45:37,990 [Worker-2: Loading available Gradle versions] INFO  o.e.b.c.i.u.g.PublishedGradleVersions - Gradle version information cache is out-of-date. Trying to update.
2020-07-11 14:52:18,997 [Worker-6: Updating Maven Dependencies] INFO  o.e.m.c.i.l.LifecycleMappingFactory - Using org.eclipse.m2e.jdt.JarLifecycleMapping lifecycle mapping for MavenProject: com.tts:TechTalentTwitter:0.0.1-SNAPSHOT @ C:\TTS\Day 14 Twitter 2 w-Homework\TechTalentTwitter\pom.xml.
2020-07-11 14:52:19,311 [Worker-10: Building] INFO  o.e.m.c.i.l.LifecycleMappingFactory - Using org.eclipse.m2e.jdt.JarLifecycleMapping lifecycle mapping for MavenProject: com.tts:TechTalentTwitter:0.0.1-SNAPSHOT @ C:\TTS\Day 14 Twitter 2 w-Homework\TechTalentTwitter\pom.xml.
2020-07-11 14:52:21,058 [Worker-10: Building] INFO  o.e.m.c.i.embedder.EclipseLogger - Using 'UTF-8' encoding to copy filtered resources.
2020-07-11 14:52:21,063 [Worker-10: Building] INFO  o.e.m.c.i.embedder.EclipseLogger - Copying 1 resource
2020-07-11 14:52:21,083 [Worker-10: Building] INFO  o.e.m.c.i.embedder.EclipseLogger - Copying 12 resources
2020-07-11 14:52:21,124 [Worker-10: Building] INFO  o.e.m.c.i.embedder.EclipseLogger - Using 'UTF-8' encoding to copy filtered resources.
2020-07-11 14:52:21,125 [Worker-10: Building] INFO  o.e.m.c.i.embedder.EclipseLogger - skip non existing resourceDirectory C:\TTS\Day 14 Twitter 2 w-Homework\TechTalentTwitter\src\test\resources
2020-07-11 14:52:23,938 [Worker-23: Updating Maven Dependencies] INFO  o.e.m.c.i.l.LifecycleMappingFactory - Using org.eclipse.m2e.jdt.JarLifecycleMapping lifecycle mapping for MavenProject: com.tts:TechTalentTwitter:0.0.1-SNAPSHOT @ C:\TTS\Day 14 Twitter 2 w-Homework\TechTalentTwitter\pom.xml.
2020-07-11 14:52:24,374 [Worker-6: Building] INFO  o.e.m.c.i.embedder.EclipseLogger - Using 'UTF-8' encoding to copy filtered resources.
2020-07-11 14:52:24,384 [Worker-6: Building] INFO  o.e.m.c.i.embedder.EclipseLogger - Copying 1 resource
2020-07-11 14:52:24,406 [Worker-6: Building] INFO  o.e.m.c.i.embedder.EclipseLogger - Copying 12 resources
2020-07-11 14:52:24,469 [Worker-6: Building] INFO  o.e.m.c.i.embedder.EclipseLogger - Using 'UTF-8' encoding to copy filtered resources.
2020-07-11 14:52:24,469 [Worker-6: Building] INFO  o.e.m.c.i.embedder.EclipseLogger - skip non existing resourceDirectory C:\TTS\Day 14 Twitter 2 w-Homework\TechTalentTwitter\src\test\resources
2020-07-11 14:52:26,442 [Worker-10: Building] INFO  o.e.m.c.i.embedder.EclipseLogger - Using 'UTF-8' encoding to copy filtered resources.
2020-07-11 14:52:26,443 [Worker-10: Building] INFO  o.e.m.c.i.embedder.EclipseLogger - Copying 0 resource
2020-07-11 14:52:26,443 [Worker-10: Building] INFO  o.e.m.c.i.embedder.EclipseLogger - Copying 0 resource
2020-07-11 14:52:26,446 [Worker-10: Building] INFO  o.e.m.c.i.embedder.EclipseLogger - Using 'UTF-8' encoding to copy filtered resources.
2020-07-11 14:52:26,446 [Worker-10: Building] INFO  o.e.m.c.i.embedder.EclipseLogger - skip non existing resourceDirectory C:\TTS\Day 14 Twitter 2 w-Homework\TechTalentTwitter\src\test\resources
2020-07-11 15:00:18,620 [Worker-25: Building] INFO  o.e.m.c.i.embedder.EclipseLogger - Using 'UTF-8' encoding to copy filtered resources.
2020-07-11 15:00:18,623 [Worker-25: Building] INFO  o.e.m.c.i.embedder.EclipseLogger - Copying 0 resource
2020-07-11 15:00:18,624 [Worker-25: Building] INFO  o.e.m.c.i.embedder.EclipseLogger - Copying 2 resources
2020-07-11 15:00:18,633 [Worker-25: Building] INFO  o.e.m.c.i.embedder.EclipseLogger - Using 'UTF-8' encoding to copy filtered resources.
2020-07-11 15:00:18,634 [Worker-25: Building] INFO  o.e.m.c.i.embedder.EclipseLogger - skip non existing resourceDirectory C:\TTS\Day 14 Twitter 2 w-Homework\TechTalentTwitter\src\test\resources
2020-07-11 15:20:17,826 [Worker-4: Building] INFO  o.e.m.c.i.embedder.EclipseLogger - Using 'UTF-8' encoding to copy filtered resources.
2020-07-11 15:20:17,839 [Worker-4: Building] INFO  o.e.m.c.i.embedder.EclipseLogger - Copying 1 resource
2020-07-11 15:20:17,867 [Worker-4: Building] INFO  o.e.m.c.i.embedder.EclipseLogger - Copying 12 resources
2020-07-11 15:20:17,912 [Worker-4: Building] INFO  o.e.m.c.i.embedder.EclipseLogger - Using 'UTF-8' encoding to copy filtered resources.
2020-07-11 15:20:17,912 [Worker-4: Building] INFO  o.e.m.c.i.embedder.EclipseLogger - skip non existing resourceDirectory C:\TTS\Day 14 Twitter 2 w-Homework\TechTalentTwitter\src\test\resources
2020-07-11 15:20:37,147 [Worker-12: Loading available Gradle versions] INFO  o.e.b.c.i.u.g.PublishedGradleVersions - Gradle version information cache is up-to-date. Trying to read.
2020-07-11 15:41:00,136 [Worker-22: Building] INFO  o.e.m.c.i.embedder.EclipseLogger - Using 'UTF-8' encoding to copy filtered resources.
2020-07-11 15:41:00,144 [Worker-22: Building] INFO  o.e.m.c.i.embedder.EclipseLogger - Copying 1 resource
2020-07-11 15:41:00,152 [Worker-22: Building] INFO  o.e.m.c.i.embedder.EclipseLogger - Copying 12 resources
2020-07-11 15:41:00,159 [Worker-22: Building] INFO  o.e.m.c.i.embedder.EclipseLogger - Using 'UTF-8' encoding to copy filtered resources.
2020-07-11 15:41:00,159 [Worker-22: Building] INFO  o.e.m.c.i.embedder.EclipseLogger - skip non existing resourceDirectory C:\TTS\Day 14 Twitter 2 w-Homework\TechTalentTwitter\src\test\resources
2020-07-11 15:48:05,237 [Worker-22: Building] INFO  o.e.m.c.i.embedder.EclipseLogger - Using 'UTF-8' encoding to copy filtered resources.
2020-07-11 15:48:05,242 [Worker-22: Building] INFO  o.e.m.c.i.embedder.EclipseLogger - Copying 1 resource
2020-07-11 15:48:05,248 [Worker-22: Building] INFO  o.e.m.c.i.embedder.EclipseLogger - Copying 12 resources
2020-07-11 15:48:05,255 [Worker-22: Building] INFO  o.e.m.c.i.embedder.EclipseLogger - Using 'UTF-8' encoding to copy filtered resources.
2020-07-11 15:48:05,256 [Worker-22: Building] INFO  o.e.m.c.i.embedder.EclipseLogger - skip non existing resourceDirectory C:\TTS\Day 14 Twitter 2 w-Homework\TechTalentTwitter\src\test\resources
2020-07-11 15:51:17,468 [Worker-3: Building] INFO  o.e.m.c.i.embedder.EclipseLogger - Using 'UTF-8' encoding to copy filtered resources.
2020-07-11 15:51:17,470 [Worker-3: Building] INFO  o.e.m.c.i.embedder.EclipseLogger - Copying 0 resource
2020-07-11 15:51:17,471 [Worker-3: Building] INFO  o.e.m.c.i.embedder.EclipseLogger - Copying 1 resource
2020-07-11 15:51:17,476 [Worker-3: Building] INFO  o.e.m.c.i.embedder.EclipseLogger - Using 'UTF-8' encoding to copy filtered resources.
2020-07-11 15:51:17,477 [Worker-3: Building] INFO  o.e.m.c.i.embedder.EclipseLogger - skip non existing resourceDirectory C:\TTS\Day 14 Twitter 2 w-Homework\TechTalentTwitter\src\test\resources
2020-07-11 15:57:12,713 [Worker-26: Building] INFO  o.e.m.c.i.embedder.EclipseLogger - Using 'UTF-8' encoding to copy filtered resources.
2020-07-11 15:57:12,714 [Worker-26: Building] INFO  o.e.m.c.i.embedder.EclipseLogger - Copying 0 resource
2020-07-11 15:57:12,715 [Worker-26: Building] INFO  o.e.m.c.i.embedder.EclipseLogger - Copying 1 resource
2020-07-11 15:57:12,719 [Worker-26: Building] INFO  o.e.m.c.i.embedder.EclipseLogger - Using 'UTF-8' encoding to copy filtered resources.
2020-07-11 15:57:12,720 [Worker-26: Building] INFO  o.e.m.c.i.embedder.EclipseLogger - skip non existing resourceDirectory C:\TTS\Day 14 Twitter 2 w-Homework\TechTalentTwitter\src\test\resources
2020-07-13 21:08:34,137 [Worker-5: Loading available Gradle versions] INFO  o.e.b.c.i.u.g.PublishedGradleVersions - Gradle version information cache is up-to-date. Trying to read.
2020-07-14 09:14:40,252 [Worker-0: Loading available Gradle versions] INFO  o.e.b.c.i.u.g.PublishedGradleVersions - Gradle version information cache is up-to-date. Trying to read.
2020-07-14 09:18:30,708 [Worker-0: Launching TechTalentTwitter - TechTalentTwitterApplication] INFO  o.e.m.c.i.embedder.EclipseLogger - Using 'UTF-8' encoding to copy filtered resources.
2020-07-14 09:18:30,713 [Worker-0: Launching TechTalentTwitter - TechTalentTwitterApplication] INFO  o.e.m.c.i.embedder.EclipseLogger - Copying 1 resource
2020-07-14 09:18:30,746 [Worker-0: Launching TechTalentTwitter - TechTalentTwitterApplication] INFO  o.e.m.c.i.embedder.EclipseLogger - Copying 12 resources
2020-07-14 09:18:30,806 [Worker-0: Launching TechTalentTwitter - TechTalentTwitterApplication] INFO  o.e.m.c.i.embedder.EclipseLogger - Using 'UTF-8' encoding to copy filtered resources.
2020-07-14 09:18:30,806 [Worker-0: Launching TechTalentTwitter - TechTalentTwitterApplication] INFO  o.e.m.c.i.embedder.EclipseLogger - skip non existing resourceDirectory C:\TTS\Day 14 Twitter 2 w-Homework\TechTalentTwitter\src\test\resources
2020-07-15 16:59:15,352 [Worker-2: Loading available Gradle versions] INFO  o.e.b.c.i.u.g.PublishedGradleVersions - Gradle version information cache is out-of-date. Trying to update.
2020-07-15 18:15:29,405 [Worker-9: Building] INFO  o.e.m.c.i.embedder.EclipseLogger - Using 'UTF-8' encoding to copy filtered resources.
2020-07-15 18:15:29,422 [Worker-9: Building] INFO  o.e.m.c.i.embedder.EclipseLogger - Copying 1 resource
2020-07-15 18:15:29,481 [Worker-9: Building] INFO  o.e.m.c.i.embedder.EclipseLogger - Copying 12 resources
2020-07-15 18:15:29,494 [Worker-9: Building] INFO  o.e.m.c.i.embedder.EclipseLogger - Using 'UTF-8' encoding to copy filtered resources.
2020-07-15 18:15:29,495 [Worker-9: Building] INFO  o.e.m.c.i.embedder.EclipseLogger - skip non existing resourceDirectory C:\TTS\Day 14 Twitter 2 w-Homework\TechTalentTwitter\src\test\resources
